[2020-02-09 00:04:05,168] [MainThread] [Cv2UserInterface] [INFO] Hello
[2020-02-09 00:04:05,170] [MainThread] [VideoFrameProvider] [INFO] Hello
[2020-02-09 00:04:05,171] [MainThread] [ObjectFinder] [INFO] Hello
[2020-02-09 00:04:05,182] [MainThread] [PlateLookup] [INFO] Hello
[2020-02-09 00:04:05,183] [MainThread] [Ocr] [INFO] Hello
[2020-02-09 00:04:20,460] [MainThread] [Cv2UserInterface] [INFO] Hello
[2020-02-09 00:04:20,462] [MainThread] [VideoFrameProvider] [INFO] Hello
[2020-02-09 00:04:20,464] [MainThread] [ObjectFinder] [INFO] Hello
[2020-02-09 00:04:20,475] [MainThread] [PlateLookup] [INFO] Hello
[2020-02-09 00:04:20,476] [MainThread] [Ocr] [INFO] Hello
[2020-02-09 00:04:41,809] [MainThread] [Cv2UserInterface] [INFO] Hello
[2020-02-09 00:04:41,811] [MainThread] [VideoFrameProvider] [INFO] Hello
[2020-02-09 00:04:41,813] [MainThread] [ObjectFinder] [INFO] Hello
[2020-02-09 00:04:41,824] [MainThread] [PlateLookup] [INFO] Hello
[2020-02-09 00:04:41,826] [MainThread] [Ocr] [INFO] Hello
[2020-02-09 00:05:19,727] [MainThread] [Cv2UserInterface] [INFO] Hello
[2020-02-09 00:05:19,729] [MainThread] [VideoFrameProvider] [INFO] Hello
[2020-02-09 00:05:19,731] [MainThread] [ObjectFinder] [INFO] Hello
[2020-02-09 00:05:19,742] [MainThread] [PlateLookup] [INFO] Hello
[2020-02-09 00:05:19,744] [MainThread] [Ocr] [INFO] Hello
[2020-02-09 00:05:19,745] [Thread-2] [Ocr] [INFO] Ho
[2020-02-09 00:06:42,674] [MainThread] [Cv2UserInterface] [INFO] Hello
[2020-02-09 00:06:42,676] [MainThread] [VideoFrameProvider] [INFO] Hello
[2020-02-09 00:06:42,678] [MainThread] [ObjectFinder] [INFO] Hello
[2020-02-09 00:06:42,690] [MainThread] [PlateLookup] [INFO] Hello
[2020-02-09 00:06:42,692] [MainThread] [Ocr] [INFO] Hello
[2020-02-09 00:06:42,693] [Thread-2] [Ocr] [DEBUG] xx.
[2020-02-09 00:06:45,039] [Thread-2] [Ocr] [DEBUG] xx.
[2020-02-09 00:06:45,419] [Thread-2] [Ocr] [DEBUG] xx.
[2020-02-09 00:06:45,801] [Thread-2] [Ocr] [DEBUG] xx.
[2020-02-09 00:06:46,149] [Thread-2] [Ocr] [DEBUG] xx.
[2020-02-09 00:06:46,525] [Thread-2] [Ocr] [DEBUG] xx.
[2020-02-09 00:06:46,896] [Thread-2] [Ocr] [DEBUG] xx.
[2020-02-09 00:06:47,336] [Thread-2] [Ocr] [DEBUG] xx.
[2020-02-09 00:06:47,679] [Thread-2] [Ocr] [DEBUG] xx.
[2020-02-09 00:06:48,091] [Thread-2] [Ocr] [DEBUG] xx.
[2020-02-09 00:06:48,525] [Thread-2] [Ocr] [DEBUG] xx.
[2020-02-09 00:06:48,828] [Thread-2] [Ocr] [DEBUG] Main loop breaker detected.
[2020-02-09 00:10:45,745] [MainThread] [Ocr] [DEBUG] Subscribed <platelookup.PlateLookup object at 0x00000200FED6F1F0> on channel ''
[2020-02-09 00:10:45,745] [MainThread] [Ocr] [DEBUG] Service start
[2020-02-09 00:10:45,746] [Thread-2] [Ocr] [DEBUG] Main loop starting
[2020-02-09 00:10:47,951] [MainThread] [Ocr] [DEBUG] Service stop
[2020-02-09 00:10:48,141] [Thread-2] [Ocr] [DEBUG] Returning main loop breaker.
[2020-02-09 00:10:48,141] [Thread-2] [Ocr] [DEBUG] Main loop stopped
[2020-02-09 00:11:37,910] [MainThread] [Ocr] [DEBUG] Subscribed <platelookup.PlateLookup object at 0x0000019069C1F1F0> on channel '_main_'
[2020-02-09 00:11:37,910] [MainThread] [Ocr] [DEBUG] Service start
[2020-02-09 00:11:37,911] [Thread-2] [Ocr] [DEBUG] Main loop starting
[2020-02-09 00:11:40,479] [MainThread] [Ocr] [DEBUG] Service stop
[2020-02-09 00:11:40,653] [Thread-2] [Ocr] [DEBUG] Returning main loop breaker.
[2020-02-09 00:11:40,653] [Thread-2] [Ocr] [DEBUG] Main loop stopped
[2020-02-09 00:13:48,319] [MainThread] [Ocr] [DEBUG] Subscribed <platelookup.PlateLookup object at 0x00000225B33DF1F0> on channel '_main_'
[2020-02-09 00:13:48,320] [MainThread] [Ocr] [DEBUG] Service start
[2020-02-09 00:13:48,321] [Thread-2] [Ocr] [DEBUG] Main loop starting
[2020-02-09 00:13:50,935] [MainThread] [Ocr] [DEBUG] Service stop
[2020-02-09 00:13:51,067] [Thread-2] [Ocr] [DEBUG] Returning main loop breaker.
[2020-02-09 00:13:51,067] [Thread-2] [Ocr] [DEBUG] Main loop stopped
[2020-02-09 00:16:48,969] [MainThread] [VideoFrameProvider] [DEBUG] Subscribed <interface.Cv2UserInterface object at 0x00000203FF5DF100> on channel '_main_'
[2020-02-09 00:16:48,969] [MainThread] [VideoFrameProvider] [DEBUG] Subscribed <classifier.ObjectFinder object at 0x00000203FF5F96D0> on channel '_main_'
[2020-02-09 00:16:48,970] [MainThread] [VideoFrameProvider] [DEBUG] Subscribed <interface.Cv2UserInterface object at 0x00000203FF5DF100> on channel 'highlighted'
[2020-02-09 00:16:48,970] [MainThread] [Ocr] [DEBUG] Subscribed <platelookup.PlateLookup object at 0x00000203FF5F98E0> on channel '_main_'
[2020-02-09 00:16:48,970] [MainThread] [ObjectFinder] [DEBUG] Subscribed <frameprovider.VideoFrameProvider object at 0x00000203FF5F93A0> on channel '_main_'
[2020-02-09 00:16:48,970] [MainThread] [ObjectFinder] [DEBUG] Subscribed <ocr.Ocr object at 0x00000203FF5F9A60> on channel 'crop'
[2020-02-09 00:16:48,971] [MainThread] [PlateLookup] [DEBUG] Service start
[2020-02-09 00:16:48,971] [Thread-1] [PlateLookup] [DEBUG] Main loop starting
[2020-02-09 00:16:48,971] [MainThread] [Ocr] [DEBUG] Service start
[2020-02-09 00:16:48,972] [Thread-2] [Ocr] [DEBUG] Main loop starting
[2020-02-09 00:16:48,972] [MainThread] [ObjectFinder] [DEBUG] Service start
[2020-02-09 00:16:48,973] [Thread-3] [ObjectFinder] [DEBUG] Main loop starting
[2020-02-09 00:16:48,973] [MainThread] [VideoFrameProvider] [DEBUG] Service start
[2020-02-09 00:16:48,974] [Thread-4] [VideoFrameProvider] [DEBUG] Main loop starting
[2020-02-09 00:16:48,974] [MainThread] [Cv2UserInterface] [DEBUG] Service start
[2020-02-09 00:16:48,974] [Thread-5] [Cv2UserInterface] [DEBUG] Main loop starting
[2020-02-09 00:16:48,975] [MainThread] [Cv2UserInterface] [DEBUG] Thread joining ...
[2020-02-09 00:16:50,194] [Thread-5] [Cv2UserInterface] [DEBUG] Service stop
[2020-02-09 00:16:50,205] [Thread-5] [Cv2UserInterface] [DEBUG] Returning main loop breaker.
[2020-02-09 00:16:50,228] [Thread-5] [Cv2UserInterface] [DEBUG] Main loop stopped
[2020-02-09 00:16:50,232] [MainThread] [Cv2UserInterface] [DEBUG] Thread joined
[2020-02-09 00:16:50,237] [MainThread] [VideoFrameProvider] [DEBUG] Service stop
[2020-02-09 00:16:50,238] [MainThread] [ObjectFinder] [DEBUG] Service stop
[2020-02-09 00:16:50,240] [MainThread] [Ocr] [DEBUG] Service stop
[2020-02-09 00:16:50,242] [MainThread] [PlateLookup] [DEBUG] Service stop
[2020-02-09 00:16:50,257] [Thread-4] [VideoFrameProvider] [DEBUG] Returning main loop breaker.
[2020-02-09 00:16:50,280] [Thread-4] [VideoFrameProvider] [DEBUG] Main loop stopped
[2020-02-09 00:16:50,280] [Thread-3] [ObjectFinder] [DEBUG] Returning main loop breaker.
[2020-02-09 00:16:50,281] [Thread-3] [ObjectFinder] [DEBUG] Main loop stopped
[2020-02-09 00:16:50,983] [Thread-2] [Ocr] [DEBUG] Returning main loop breaker.
[2020-02-09 00:16:50,983] [Thread-2] [Ocr] [DEBUG] Main loop stopped
[2020-02-09 00:16:50,984] [Thread-1] [PlateLookup] [DEBUG] Returning main loop breaker.
[2020-02-09 00:16:50,984] [Thread-1] [PlateLookup] [DEBUG] Main loop stopped
[2020-02-09 00:18:06,204] [DEBUG] [VideoFrameProvider] [MainThread] Subscribed <interface.Cv2UserInterface object at 0x0000029A10EDE100> on channel '_main_'
[2020-02-09 00:18:06,204] [DEBUG] [VideoFrameProvider] [MainThread] Subscribed <classifier.ObjectFinder object at 0x0000029A10EF96D0> on channel '_main_'
[2020-02-09 00:18:06,205] [DEBUG] [VideoFrameProvider] [MainThread] Subscribed <interface.Cv2UserInterface object at 0x0000029A10EDE100> on channel 'highlighted'
[2020-02-09 00:18:06,205] [DEBUG] [Ocr] [MainThread] Subscribed <platelookup.PlateLookup object at 0x0000029A10EF98E0> on channel '_main_'
[2020-02-09 00:18:06,205] [DEBUG] [ObjectFinder] [MainThread] Subscribed <frameprovider.VideoFrameProvider object at 0x0000029A10EF93A0> on channel '_main_'
[2020-02-09 00:18:06,205] [DEBUG] [ObjectFinder] [MainThread] Subscribed <ocr.Ocr object at 0x0000029A10EF9A60> on channel 'crop'
[2020-02-09 00:18:06,206] [DEBUG] [PlateLookup] [MainThread] Service start
[2020-02-09 00:18:06,206] [DEBUG] [PlateLookup] [Thread-1] Main loop starting
[2020-02-09 00:18:06,206] [DEBUG] [Ocr] [MainThread] Service start
[2020-02-09 00:18:06,209] [DEBUG] [Ocr] [Thread-2] Main loop starting
[2020-02-09 00:18:06,209] [DEBUG] [ObjectFinder] [MainThread] Service start
[2020-02-09 00:18:06,210] [DEBUG] [ObjectFinder] [Thread-3] Main loop starting
[2020-02-09 00:18:06,210] [DEBUG] [VideoFrameProvider] [MainThread] Service start
[2020-02-09 00:18:06,210] [DEBUG] [VideoFrameProvider] [Thread-4] Main loop starting
[2020-02-09 00:18:06,210] [DEBUG] [Cv2UserInterface] [MainThread] Service start
[2020-02-09 00:18:06,211] [DEBUG] [Cv2UserInterface] [Thread-5] Main loop starting
[2020-02-09 00:18:06,211] [DEBUG] [Cv2UserInterface] [MainThread] Thread joining ...
[2020-02-09 00:18:18,167] [DEBUG] [VideoFrameProvider] [Thread-4] Service stop
[2020-02-09 00:18:18,186] [DEBUG] [VideoFrameProvider] [Thread-4] Returning main loop breaker.
[2020-02-09 00:18:18,198] [DEBUG] [VideoFrameProvider] [Thread-4] Main loop stopped
[2020-02-09 00:18:28,661] [DEBUG] [Cv2UserInterface] [Thread-5] Service stop
[2020-02-09 00:18:28,672] [DEBUG] [Cv2UserInterface] [Thread-5] Returning main loop breaker.
[2020-02-09 00:18:28,694] [DEBUG] [Cv2UserInterface] [Thread-5] Main loop stopped
[2020-02-09 00:18:28,695] [DEBUG] [Cv2UserInterface] [MainThread] Thread joined
[2020-02-09 00:18:28,700] [DEBUG] [VideoFrameProvider] [MainThread] Service stop
[2020-02-09 00:18:28,702] [DEBUG] [ObjectFinder] [MainThread] Service stop
[2020-02-09 00:18:28,705] [DEBUG] [Ocr] [MainThread] Service stop
[2020-02-09 00:18:28,705] [DEBUG] [PlateLookup] [MainThread] Service stop
[2020-02-09 00:18:29,411] [DEBUG] [PlateLookup] [Thread-1] Returning main loop breaker.
[2020-02-09 00:18:29,411] [DEBUG] [Ocr] [Thread-2] Returning main loop breaker.
[2020-02-09 00:18:29,411] [DEBUG] [PlateLookup] [Thread-1] Main loop stopped
[2020-02-09 00:18:29,412] [DEBUG] [Ocr] [Thread-2] Main loop stopped
[2020-02-09 00:18:30,347] [DEBUG] [ObjectFinder] [Thread-3] Returning main loop breaker.
[2020-02-09 00:18:30,347] [DEBUG] [ObjectFinder] [Thread-3] Main loop stopped
